<?xml version="1.0" encoding="UTF-8"?>
<!-- Generated by org.testng.reporters.JUnitXMLReporter -->
<testsuite hostname="LAPTOP-CJ23D15G" name="Default test" tests="6" failures="0" timestamp="17 Jun 2022 09:13:54 GMT" time="0.027" errors="0">
  <testcase name="testcase1" time="0.009" classname="IBM1.testngexample1.invocationcountex"/>
  <testcase name="testcase2" time="0.001" classname="IBM1.testngexample1.invocationcountex"/>
  <testcase name="testcase2" time="0.001" classname="IBM1.testngexample1.invocationcountex"/>
  <testcase name="testcase3" time="0.001" classname="IBM1.testngexample1.invocationcountex"/>
  <testcase name="testcase3" time="0.001" classname="IBM1.testngexample1.invocationcountex"/>
  <testcase name="testcase3" time="0.0" classname="IBM1.testngexample1.invocationcountex"/>
</testsuite> <!-- Default test -->
