<?xml version="1.0" encoding="UTF-8"?>
<testng-results skipped="0" failed="0" total="1" passed="1">
  <reporter-output>
  </reporter-output>
  <suite name="Default suite" duration-ms="29" started-at="2022-06-20T06:50:36Z" finished-at="2022-06-20T06:50:36Z">
    <groups>
    </groups>
    <test name="Default test" duration-ms="29" started-at="2022-06-20T06:50:36Z" finished-at="2022-06-20T06:50:36Z">
      <class name="IBM1.testngexample1.softassertionsexample">
        <test-method status="PASS" signature="hardassert()[pri:0, instance:IBM1.testngexample1.softassertionsexample@36d64342]" name="hardassert" duration-ms="14" started-at="2022-06-20T12:20:36Z" finished-at="2022-06-20T12:20:36Z">
          <reporter-output>
          </reporter-output>
        </test-method> <!-- hardassert -->
      </class> <!-- IBM1.testngexample1.softassertionsexample -->
    </test> <!-- Default test -->
  </suite> <!-- Default suite -->
</testng-results>
