<?xml version="1.0" encoding="UTF-8"?>
<testng-results skipped="0" failed="0" total="2" passed="2">
  <reporter-output>
  </reporter-output>
  <suite name="Default suite" duration-ms="18939" started-at="2022-06-17T05:45:21Z" finished-at="2022-06-17T05:45:39Z">
    <groups>
    </groups>
    <test name="Default test" duration-ms="18939" started-at="2022-06-17T05:45:21Z" finished-at="2022-06-17T05:45:39Z">
      <class name="IBM1.testngexample1.testngday1">
        <test-method status="PASS" signature="init()[pri:0, instance:IBM1.testngexample1.testngday1@2812cbfa]" name="init" is-config="true" duration-ms="15901" started-at="2022-06-17T11:15:21Z" finished-at="2022-06-17T11:15:36Z">
          <reporter-output>
          </reporter-output>
        </test-method> <!-- init -->
        <test-method status="PASS" signature="testcase2()[pri:0, instance:IBM1.testngexample1.testngday1@2812cbfa]" name="testcase2" duration-ms="7" started-at="2022-06-17T11:15:36Z" finished-at="2022-06-17T11:15:36Z">
          <reporter-output>
          </reporter-output>
        </test-method> <!-- testcase2 -->
        <test-method status="PASS" signature="after()[pri:0, instance:IBM1.testngexample1.testngday1@2812cbfa]" name="after" is-config="true" duration-ms="1" started-at="2022-06-17T11:15:36Z" finished-at="2022-06-17T11:15:36Z">
          <reporter-output>
          </reporter-output>
        </test-method> <!-- after -->
        <test-method status="PASS" signature="init()[pri:0, instance:IBM1.testngexample1.testngday1@2812cbfa]" name="init" is-config="true" duration-ms="3012" started-at="2022-06-17T11:15:36Z" finished-at="2022-06-17T11:15:39Z">
          <reporter-output>
          </reporter-output>
        </test-method> <!-- init -->
        <test-method status="PASS" signature="testcase3()[pri:0, instance:IBM1.testngexample1.testngday1@2812cbfa]" name="testcase3" duration-ms="0" started-at="2022-06-17T11:15:39Z" finished-at="2022-06-17T11:15:39Z">
          <reporter-output>
          </reporter-output>
        </test-method> <!-- testcase3 -->
        <test-method status="PASS" signature="after()[pri:0, instance:IBM1.testngexample1.testngday1@2812cbfa]" name="after" is-config="true" duration-ms="0" started-at="2022-06-17T11:15:39Z" finished-at="2022-06-17T11:15:39Z">
          <reporter-output>
          </reporter-output>
        </test-method> <!-- after -->
      </class> <!-- IBM1.testngexample1.testngday1 -->
    </test> <!-- Default test -->
  </suite> <!-- Default suite -->
</testng-results>
